<?xml version="1.0" encoding="UTF-8"?>
<!-- Generated by org.testng.reporters.JUnitReportReporter -->
<testsuite skipped="0" hostname="UMAHAMMA-L-728" name="com.clopay.automationtesting.testcases.ValidatingCarousal" tests="1" failures="0" timestamp="26 Sep 2017 13:15:55 GMT" time="44.198" errors="0">
  <testcase name="aValidatingCarousalTest" time="44.198" classname="com.clopay.automationtesting.testcases.ValidatingCarousal"/>
</testsuite> <!-- com.clopay.automationtesting.testcases.ValidatingCarousal -->
