<?xml version="1.0" encoding="UTF-8"?>
<!-- Generated by org.testng.reporters.JUnitReportReporter -->
<testsuite skipped="0" hostname="VPIDAMAR-L-163" name="com.clopay.automationtesting.testcases.ValidatingAssociatePortalLoginPageFunctionalitiy" tests="1" failures="0" timestamp="31 Aug 2018 15:45:39 GMT" time="3.878" errors="0">
  <testcase name="UserLogin" time="3.878" classname="com.clopay.automationtesting.testcases.ValidatingAssociatePortalLoginPageFunctionalitiy"/>
</testsuite> <!-- com.clopay.automationtesting.testcases.ValidatingAssociatePortalLoginPageFunctionalitiy -->
