<?xml version="1.0" encoding="UTF-8"?>
<!-- Generated by org.testng.reporters.JUnitReportReporter -->
<testsuite skipped="0" hostname="VPIDAMAR-L-163" name="com.clopay.automationtesting.testcases.ValidatingServiceAndSupportFunctionalities" tests="2" failures="0" timestamp="31 May 2018 09:51:12 GMT" time="21.791" errors="0">
  <testcase name="GarageDoorServiceSupportTest" time="15.140" classname="com.clopay.automationtesting.testcases.ValidatingServiceAndSupportFunctionalities"/>
  <testcase name="EntryDoorServiceSupportTest" time="6.651" classname="com.clopay.automationtesting.testcases.ValidatingServiceAndSupportFunctionalities"/>
</testsuite> <!-- com.clopay.automationtesting.testcases.ValidatingServiceAndSupportFunctionalities -->
