<?xml version="1.0" encoding="UTF-8"?>
<!-- Generated by org.testng.reporters.JUnitReportReporter -->
<testsuite skipped="0" hostname="VPIDAMAR-L-163" name="com.clopay.automationtesting.testcases.ValidatingHomePageComparison" tests="4" failures="0" timestamp="31 May 2018 09:51:12 GMT" time="53.027" errors="0">
  <testcase name="WhereToBuy" time="6.470" classname="com.clopay.automationtesting.testcases.ValidatingHomePageComparison"/>
  <testcase name="DoorImaginationSystemGarageDoorTest" time="8.212" classname="com.clopay.automationtesting.testcases.ValidatingHomePageComparison"/>
  <testcase name="MyIdeaBookLogin" time="26.929" classname="com.clopay.automationtesting.testcases.ValidatingHomePageComparison"/>
  <testcase name="MyIdeaBookLogout" time="11.416" classname="com.clopay.automationtesting.testcases.ValidatingHomePageComparison"/>
</testsuite> <!-- com.clopay.automationtesting.testcases.ValidatingHomePageComparison -->
