<?xml version="1.0" encoding="UTF-8"?>
<!-- Generated by org.testng.reporters.JUnitReportReporter -->
<testsuite skipped="0" hostname="VPIDAMAR-L-163" name="com.clopay.automationtesting.testcases.ValidatingAssociatePortalLogOutFunctionality" tests="3" failures="0" timestamp="31 Aug 2018 15:45:39 GMT" time="59.618" errors="0">
  <testcase name="ValidatingUserLoguOUtFunctionalityTest" time="2.419" classname="com.clopay.automationtesting.testcases.ValidatingAssociatePortalLogOutFunctionality"/>
  <testcase name="SitefinityLogin" time="55.406" classname="com.clopay.automationtesting.testcases.ValidatingAssociatePortalLogOutFunctionality"/>
  <testcase name="SitefinityLogOutFunctionalityTest" time="1.793" classname="com.clopay.automationtesting.testcases.ValidatingAssociatePortalLogOutFunctionality"/>
</testsuite> <!-- com.clopay.automationtesting.testcases.ValidatingAssociatePortalLogOutFunctionality -->
