<?xml version="1.0" encoding="UTF-8"?>
<!-- Generated by org.testng.reporters.JUnitReportReporter -->
<testsuite skipped="0" hostname="VPIDAMAR-L-163" name="com.clopay.automationtesting.testcases.ValidatingEntryDoorFunctionalities" tests="6" failures="0" timestamp="31 May 2018 09:51:12 GMT" time="179.935" errors="0">
  <testcase name="EntryDoorHomePageTest" time="23.856" classname="com.clopay.automationtesting.testcases.ValidatingEntryDoorFunctionalities"/>
  <testcase name="EntryDoorArborGroveTest" time="58.408" classname="com.clopay.automationtesting.testcases.ValidatingEntryDoorFunctionalities"/>
  <testcase name="EntryDoorRusticTest" time="24.953" classname="com.clopay.automationtesting.testcases.ValidatingEntryDoorFunctionalities"/>
  <testcase name="EntryDoorCraftsmanTest" time="14.222" classname="com.clopay.automationtesting.testcases.ValidatingEntryDoorFunctionalities"/>
  <testcase name="EntryDoorSmoothFiberGlassTest" time="14.091" classname="com.clopay.automationtesting.testcases.ValidatingEntryDoorFunctionalities"/>
  <testcase name="EntryDoorSteelTest" time="44.405" classname="com.clopay.automationtesting.testcases.ValidatingEntryDoorFunctionalities"/>
</testsuite> <!-- com.clopay.automationtesting.testcases.ValidatingEntryDoorFunctionalities -->
