<?xml version="1.0" encoding="UTF-8"?>
<!-- Generated by org.testng.reporters.JUnitReportReporter -->
<testsuite skipped="0" hostname="VPIDAMAR-L-163" name="com.clopay.automationtesting.testcases.ValidatingPhotosFunctionalities" tests="2" failures="0" timestamp="31 May 2018 09:51:12 GMT" time="30.431" errors="0">
  <testcase name="InspirationalGalleryTest" time="19.936" classname="com.clopay.automationtesting.testcases.ValidatingPhotosFunctionalities"/>
  <testcase name="ImaginenationCommunityTest" time="10.495" classname="com.clopay.automationtesting.testcases.ValidatingPhotosFunctionalities"/>
</testsuite> <!-- com.clopay.automationtesting.testcases.ValidatingPhotosFunctionalities -->
