<?xml version="1.0" encoding="UTF-8"?>
<!-- Generated by org.testng.reporters.JUnitReportReporter -->
<testsuite skipped="0" hostname="VPIDAMAR-L-163" name="com.clopay.automationtesting.testcases.ValidatingBuyingGuideFunctionalities" tests="2" failures="0" timestamp="31 May 2018 09:51:12 GMT" time="29.580" errors="0">
  <testcase name="GarageDoorBuyingGuideTest" time="18.019" classname="com.clopay.automationtesting.testcases.ValidatingBuyingGuideFunctionalities"/>
  <testcase name="EntryDoorBuyingGuideTest" time="11.561" classname="com.clopay.automationtesting.testcases.ValidatingBuyingGuideFunctionalities"/>
</testsuite> <!-- com.clopay.automationtesting.testcases.ValidatingBuyingGuideFunctionalities -->
