<?xml version="1.0" encoding="UTF-8"?>
<!-- Generated by org.testng.reporters.JUnitReportReporter -->
<testsuite skipped="0" hostname="VPIDAMAR-L-163" name="com.clopay.automationtesting.testcases.ValidatingCommercialDoorFunctionalities" tests="14" failures="0" timestamp="31 May 2018 09:51:12 GMT" time="584.016" errors="0">
  <testcase name="ValidatingCommercialDoorCarousalFunctionalitiesTest" time="98.865" classname="com.clopay.automationtesting.testcases.ValidatingCommercialDoorFunctionalities"/>
  <testcase name="ValidatingPRODUCTLINEMenuofCommercialDoorFunctionalityTest" time="8.575" classname="com.clopay.automationtesting.testcases.ValidatingCommercialDoorFunctionalities"/>
  <testcase name="ValidatingPRODUCTLINESectionalDoorsArchitecturalSeriessubMenuofCommercialDoorFunctionalityTest" time="50.065" classname="com.clopay.automationtesting.testcases.ValidatingCommercialDoorFunctionalities"/>
  <testcase name="ValidatingPRODUCTLINESectionalDoorsENERGYINTELLICOREsubMenuofCommercialDoorFunctionalityTest" time="47.030" classname="com.clopay.automationtesting.testcases.ValidatingCommercialDoorFunctionalities"/>
  <testcase name="ValidatingPRODUCTLINESectionalDoorsSPECIALTYPRODUCTSsubMenuofCommercialDoorFunctionalityTest" time="34.943" classname="com.clopay.automationtesting.testcases.ValidatingCommercialDoorFunctionalities"/>
  <testcase name="ValidatingPRODUCTLINESectionalDoorsENERGYsubMenuofCommercialDoorFunctionalityTest" time="64.276" classname="com.clopay.automationtesting.testcases.ValidatingCommercialDoorFunctionalities"/>
  <testcase name="ValidatingPRODUCTLINECOILINGSTEELDOORSSERVICEsubMenuofCommercialDoorFunctionalityTest" time="43.086" classname="com.clopay.automationtesting.testcases.ValidatingCommercialDoorFunctionalities"/>
  <testcase name="ValidatingPRODUCTLINECOILINGSTEELDOORSCOUNTERsubMenuofCommercialDoorFunctionalityTest" time="37.974" classname="com.clopay.automationtesting.testcases.ValidatingCommercialDoorFunctionalities"/>
  <testcase name="ValidatingPRODUCTLINECOILINGSTEELDOORSSECURITYsubMenuofCommercialDoorFunctionalityTest" time="79.071" classname="com.clopay.automationtesting.testcases.ValidatingCommercialDoorFunctionalities"/>
  <testcase name="ValidatingPRODUCTLINECOILINGSTEELDOORSROLLUPsubMenuofCommercialDoorFunctionalityTest" time="44.654" classname="com.clopay.automationtesting.testcases.ValidatingCommercialDoorFunctionalities"/>
  <testcase name="ValidatingGALLERYMenuofCommercialDoorFunctionalityTest" time="11.745" classname="com.clopay.automationtesting.testcases.ValidatingCommercialDoorFunctionalities"/>
  <testcase name="ValidatingARCHITECTSCORNERMenuofCommercialDoorFunctionalityTest" time="19.994" classname="com.clopay.automationtesting.testcases.ValidatingCommercialDoorFunctionalities"/>
  <testcase name="ValidatingNATIONALACCOUNTSMenuofCommercialDoorFunctionalityTest" time="20.838" classname="com.clopay.automationtesting.testcases.ValidatingCommercialDoorFunctionalities"/>
  <testcase name="ValidatingSERVICESUPPORTMenuofCommercialDoorFunctionalityTest" time="22.900" classname="com.clopay.automationtesting.testcases.ValidatingCommercialDoorFunctionalities"/>
</testsuite> <!-- com.clopay.automationtesting.testcases.ValidatingCommercialDoorFunctionalities -->
