<?xml version="1.0" encoding="UTF-8"?>
<!-- Generated by org.testng.reporters.JUnitReportReporter -->
<testsuite skipped="0" hostname="UMAHAMMA-L-728" name="com.clopay.tests.ImageVerify" tests="1" failures="0" timestamp="26 Sep 2017 11:21:52 GMT" time="41.782" errors="0">
  <testcase name="assertCarousel" time="41.782" classname="com.clopay.tests.ImageVerify"/>
</testsuite> <!-- com.clopay.tests.ImageVerify -->
