<?xml version="1.0" encoding="UTF-8"?>
<!-- Generated by org.testng.reporters.JUnitReportReporter -->
<testsuite skipped="0" hostname="VPIDAMAR-L-163" name="com.clopay.automationtesting.testcases.ValidatingAssociatePortalHomePageFunctionalities" tests="2" failures="0" timestamp="31 Aug 2018 15:45:39 GMT" time="108.930" errors="0">
  <testcase name="AssociatePortalUS_Stores" time="73.712" classname="com.clopay.automationtesting.testcases.ValidatingAssociatePortalHomePageFunctionalities"/>
  <testcase name="AssociatePortalCanada_Stores" time="35.218" classname="com.clopay.automationtesting.testcases.ValidatingAssociatePortalHomePageFunctionalities"/>
</testsuite> <!-- com.clopay.automationtesting.testcases.ValidatingAssociatePortalHomePageFunctionalities -->
