<?xml version="1.0" encoding="UTF-8"?>
<!-- Generated by org.testng.reporters.JUnitReportReporter -->
<testsuite skipped="0" hostname="VPIDAMAR-L-163" name="com.clopay.automationtesting.testcases.ValidatingAssociatePortalManageUsersPageFunctionality" tests="3" failures="0" timestamp="31 Aug 2018 15:45:39 GMT" time="50.652" errors="0">
  <testcase name="AssociatePortalManageUsers" time="10.727" classname="com.clopay.automationtesting.testcases.ValidatingAssociatePortalManageUsersPageFunctionality"/>
  <testcase name="AssociatePortalManageSupervisors" time="10.555" classname="com.clopay.automationtesting.testcases.ValidatingAssociatePortalManageUsersPageFunctionality"/>
  <testcase name="AssociatePortalContactUs" time="29.370" classname="com.clopay.automationtesting.testcases.ValidatingAssociatePortalManageUsersPageFunctionality"/>
</testsuite> <!-- com.clopay.automationtesting.testcases.ValidatingAssociatePortalManageUsersPageFunctionality -->
