<?xml version="1.0" encoding="UTF-8"?>
<!-- Generated by org.testng.reporters.JUnitReportReporter -->
<testsuite skipped="0" hostname="UMAHAMMA-L-728" name="com.clopay.automationtesting.testcases.ValidatingWhereToBuyPageComparison" tests="1" failures="0" timestamp="27 Sep 2017 11:31:22 GMT" time="68.604" errors="0">
  <testcase name="ValidatingWhereToBuyPageComparisonTest" time="68.604" classname="com.clopay.automationtesting.testcases.ValidatingWhereToBuyPageComparison"/>
</testsuite> <!-- com.clopay.automationtesting.testcases.ValidatingWhereToBuyPageComparison -->
