<?xml version="1.0" encoding="UTF-8"?>
<!-- Generated by org.testng.reporters.JUnitReportReporter -->
<testsuite skipped="0" hostname="VPIDAMAR-L-163" name="com.clopay.automationtesting.testcases.ValidatingGarageDoorFunctionalities" tests="17" failures="0" timestamp="31 May 2018 09:51:12 GMT" time="738.617" errors="0">
  <testcase name="ValidatingGarageDoorCarousalFunctionalitiesTest" time="146.597" classname="com.clopay.automationtesting.testcases.ValidatingGarageDoorFunctionalities"/>
  <testcase name="GaragedoorsmainscreenTest" time="4.410" classname="com.clopay.automationtesting.testcases.ValidatingGarageDoorFunctionalities"/>
  <testcase name="GarageComparedoorsTest" time="54.680" classname="com.clopay.automationtesting.testcases.ValidatingGarageDoorFunctionalities"/>
  <testcase name="GaragedoorCanyonRidgeLimitedEditionSeriesTest" time="47.798" classname="com.clopay.automationtesting.testcases.ValidatingGarageDoorFunctionalities"/>
  <testcase name="GaragedoorCanyonRidgeUltraGrainSeriesTest" time="38.563" classname="com.clopay.automationtesting.testcases.ValidatingGarageDoorFunctionalities"/>
  <testcase name="GaragedoorCanyonRidgeModerenSeriesTest" time="40.388" classname="com.clopay.automationtesting.testcases.ValidatingGarageDoorFunctionalities"/>
  <testcase name="GaragedoorCOACHMANsubMenuTest" time="32.175" classname="com.clopay.automationtesting.testcases.ValidatingGarageDoorFunctionalities"/>
  <testcase name="GaragedoorGRANDHARBORsubMenuTest" time="29.083" classname="com.clopay.automationtesting.testcases.ValidatingGarageDoorFunctionalities"/>
  <testcase name="GaragedoorGALLARYsubMenuTest" time="30.416" classname="com.clopay.automationtesting.testcases.ValidatingGarageDoorFunctionalities"/>
  <testcase name="GaragedoorCLASSICsubMenuTest" time="33.810" classname="com.clopay.automationtesting.testcases.ValidatingGarageDoorFunctionalities"/>
  <testcase name="GaragedoorMODERENSTEELsubMenuTest" time="29.567" classname="com.clopay.automationtesting.testcases.ValidatingGarageDoorFunctionalities"/>
  <testcase name="GaragedoorAVANTEsubMenuTest" time="33.030" classname="com.clopay.automationtesting.testcases.ValidatingGarageDoorFunctionalities"/>
  <testcase name="GaragedoorReserveCustomeSeriessubMenuTest" time="37.094" classname="com.clopay.automationtesting.testcases.ValidatingGarageDoorFunctionalities"/>
  <testcase name="GaragedoorReserveLimitedEditionsubMenuTest" time="37.258" classname="com.clopay.automationtesting.testcases.ValidatingGarageDoorFunctionalities"/>
  <testcase name="GaragedoorReserveModerenSeriessubMenuTest" time="35.949" classname="com.clopay.automationtesting.testcases.ValidatingGarageDoorFunctionalities"/>
  <testcase name="GaragedoorReserveSemiCustomsubMenuTest" time="38.659" classname="com.clopay.automationtesting.testcases.ValidatingGarageDoorFunctionalities"/>
  <testcase name="GaragedoorCLASSICWOODsubMenuTest" time="69.140" classname="com.clopay.automationtesting.testcases.ValidatingGarageDoorFunctionalities"/>
</testsuite> <!-- com.clopay.automationtesting.testcases.ValidatingGarageDoorFunctionalities -->
